<?xml version="1.0" encoding="UTF-8"?>
<!-- Generated by org.testng.reporters.JUnitReportReporter -->
<testsuite skipped="0" hostname="be5e8fdfd27e" name="testng.HomePageTestCases" tests="1" failures="0" timestamp="2022-01-09T00:38:05 UTC" time="5.275" errors="0">
  <testcase name="searchGoogle" time="5.275" classname="testng.HomePageTestCases"/>
  <system-out/>
</testsuite> <!-- testng.HomePageTestCases -->
